  [1m[35m (424.5ms)[0m  [1m[35mCREATE DATABASE "ruby-graphql-api_development" ENCODING = 'unicode'[0m
  ↳ bin/rails:4
  [1m[35m (260.2ms)[0m  [1m[35mCREATE DATABASE "ruby-graphql-api_test" ENCODING = 'unicode'[0m
  ↳ bin/rails:4
  [1m[35m (8.8ms)[0m  [1m[35mCREATE TABLE "schema_migrations" ("version" character varying NOT NULL PRIMARY KEY)[0m
  ↳ bin/rails:4
  [1m[35m (6.2ms)[0m  [1m[35mCREATE TABLE "ar_internal_metadata" ("key" character varying NOT NULL PRIMARY KEY, "value" character varying, "created_at" timestamp NOT NULL, "updated_at" timestamp NOT NULL)[0m
  ↳ bin/rails:4
  [1m[35m (0.3ms)[0m  [1m[34mSELECT pg_try_advisory_lock(4767588940088920050)[0m
  ↳ bin/rails:4
  [1m[35m (0.8ms)[0m  [1m[34mSELECT "schema_migrations"."version" FROM "schema_migrations" ORDER BY "schema_migrations"."version" ASC[0m
  ↳ bin/rails:4
Migrating to CreateOrder (20181202015727)
  [1m[35m (1.2ms)[0m  [1m[35mBEGIN[0m
  ↳ bin/rails:4
  [1m[35m (6.3ms)[0m  [1m[35mCREATE TABLE "orders" ("id" bigserial primary key, "total" integer, "state" character varying, "created_at" timestamp NOT NULL, "updated_at" timestamp NOT NULL)[0m
  ↳ db/migrate/20181202015727_create_order.rb:3
  [1m[36mActiveRecord::SchemaMigration Create (0.4ms)[0m  [1m[32mINSERT INTO "schema_migrations" ("version") VALUES ($1) RETURNING "version"[0m  [["version", "20181202015727"]]
  ↳ bin/rails:4
  [1m[35m (1.0ms)[0m  [1m[35mCOMMIT[0m
  ↳ bin/rails:4
  [1m[36mActiveRecord::InternalMetadata Load (0.7ms)[0m  [1m[34mSELECT  "ar_internal_metadata".* FROM "ar_internal_metadata" WHERE "ar_internal_metadata"."key" = $1 LIMIT $2[0m  [["key", "environment"], ["LIMIT", 1]]
  ↳ bin/rails:4
  [1m[35m (0.2ms)[0m  [1m[35mBEGIN[0m
  ↳ bin/rails:4
  [1m[36mActiveRecord::InternalMetadata Create (0.5ms)[0m  [1m[32mINSERT INTO "ar_internal_metadata" ("key", "value", "created_at", "updated_at") VALUES ($1, $2, $3, $4) RETURNING "key"[0m  [["key", "environment"], ["value", "development"], ["created_at", "2018-12-02 01:58:08.232601"], ["updated_at", "2018-12-02 01:58:08.232601"]]
  ↳ bin/rails:4
  [1m[35m (0.8ms)[0m  [1m[35mCOMMIT[0m
  ↳ bin/rails:4
  [1m[35m (0.2ms)[0m  [1m[34mSELECT pg_advisory_unlock(4767588940088920050)[0m
  ↳ bin/rails:4
  [1m[35m (0.3ms)[0m  [1m[34mSELECT "schema_migrations"."version" FROM "schema_migrations" ORDER BY "schema_migrations"."version" ASC[0m
  ↳ bin/rails:4
  [1m[35m (0.6ms)[0m  [1m[34mSELECT pg_try_advisory_lock(4767588940088920050)[0m
  ↳ bin/rails:4
  [1m[35m (1.3ms)[0m  [1m[34mSELECT "schema_migrations"."version" FROM "schema_migrations" ORDER BY "schema_migrations"."version" ASC[0m
  ↳ bin/rails:4
Migrating to CreateLinks (20181203024045)
  [1m[35m (0.3ms)[0m  [1m[35mBEGIN[0m
  ↳ bin/rails:4
  [1m[35m (20.7ms)[0m  [1m[35mCREATE TABLE "links" ("id" bigserial primary key, "url" character varying, "description" text, "created_at" timestamp NOT NULL, "updated_at" timestamp NOT NULL)[0m
  ↳ db/migrate/20181203024045_create_links.rb:3
  [1m[36mActiveRecord::SchemaMigration Create (0.5ms)[0m  [1m[32mINSERT INTO "schema_migrations" ("version") VALUES ($1) RETURNING "version"[0m  [["version", "20181203024045"]]
  ↳ bin/rails:4
  [1m[35m (1.8ms)[0m  [1m[35mCOMMIT[0m
  ↳ bin/rails:4
  [1m[36mActiveRecord::InternalMetadata Load (0.9ms)[0m  [1m[34mSELECT  "ar_internal_metadata".* FROM "ar_internal_metadata" WHERE "ar_internal_metadata"."key" = $1 LIMIT $2[0m  [["key", "environment"], ["LIMIT", 1]]
  ↳ bin/rails:4
  [1m[35m (0.4ms)[0m  [1m[35mBEGIN[0m
  ↳ bin/rails:4
  [1m[35m (0.2ms)[0m  [1m[35mCOMMIT[0m
  ↳ bin/rails:4
  [1m[35m (0.5ms)[0m  [1m[34mSELECT pg_advisory_unlock(4767588940088920050)[0m
  ↳ bin/rails:4
  [1m[35m (0.5ms)[0m  [1m[34mSELECT "schema_migrations"."version" FROM "schema_migrations" ORDER BY "schema_migrations"."version" ASC[0m
  ↳ bin/rails:4
  [1m[35m (0.2ms)[0m  [1m[35mBEGIN[0m
  [1m[36mLink Create (1.5ms)[0m  [1m[32mINSERT INTO "links" ("url", "description", "created_at", "updated_at") VALUES ($1, $2, $3, $4) RETURNING "id"[0m  [["url", "http://graphql.org/"], ["description", "The Best Query Language"], ["created_at", "2018-12-03 02:41:38.622113"], ["updated_at", "2018-12-03 02:41:38.622113"]]
  [1m[35m (0.9ms)[0m  [1m[35mCOMMIT[0m
  [1m[35m (0.5ms)[0m  [1m[35mBEGIN[0m
  [1m[36mLink Create (0.7ms)[0m  [1m[32mINSERT INTO "links" ("url", "description", "created_at", "updated_at") VALUES ($1, $2, $3, $4) RETURNING "id"[0m  [["url", "http://dev.apollodata.com/"], ["description", "Awesome GraphQL Client"], ["created_at", "2018-12-03 02:41:39.511420"], ["updated_at", "2018-12-03 02:41:39.511420"]]
  [1m[35m (1.0ms)[0m  [1m[35mCOMMIT[0m
  [1m[36mLink Load (0.5ms)[0m  [1m[34mSELECT  "links".* FROM "links" LIMIT $1[0m  [["LIMIT", 11]]
Started GET "/graphiql" for 127.0.0.1 at 2018-12-03 00:43:49 -0200
  [1m[35m (0.7ms)[0m  [1m[34mSELECT "schema_migrations"."version" FROM "schema_migrations" ORDER BY "schema_migrations"."version" ASC[0m
  ↳ /home/lincolnsrjr/.rbenv/versions/2.5.1/lib/ruby/gems/2.5.0/gems/activerecord-5.2.1/lib/active_record/log_subscriber.rb:98
  
ActionController::RoutingError (No route matches [GET] "/graphiql"):
  
actionpack (5.2.1) lib/action_dispatch/middleware/debug_exceptions.rb:65:in `call'
web-console (3.6.2) lib/web_console/middleware.rb:135:in `call_app'
web-console (3.6.2) lib/web_console/middleware.rb:30:in `block in call'
web-console (3.6.2) lib/web_console/middleware.rb:20:in `catch'
web-console (3.6.2) lib/web_console/middleware.rb:20:in `call'
actionpack (5.2.1) lib/action_dispatch/middleware/show_exceptions.rb:33:in `call'
railties (5.2.1) lib/rails/rack/logger.rb:38:in `call_app'
railties (5.2.1) lib/rails/rack/logger.rb:26:in `block in call'
activesupport (5.2.1) lib/active_support/tagged_logging.rb:71:in `block in tagged'
activesupport (5.2.1) lib/active_support/tagged_logging.rb:28:in `tagged'
activesupport (5.2.1) lib/active_support/tagged_logging.rb:71:in `tagged'
railties (5.2.1) lib/rails/rack/logger.rb:26:in `call'
sprockets-rails (3.2.1) lib/sprockets/rails/quiet_assets.rb:13:in `call'
actionpack (5.2.1) lib/action_dispatch/middleware/remote_ip.rb:81:in `call'
actionpack (5.2.1) lib/action_dispatch/middleware/request_id.rb:27:in `call'
rack (2.0.5) lib/rack/method_override.rb:22:in `call'
rack (2.0.5) lib/rack/runtime.rb:22:in `call'
activesupport (5.2.1) lib/active_support/cache/strategy/local_cache_middleware.rb:29:in `call'
actionpack (5.2.1) lib/action_dispatch/middleware/executor.rb:14:in `call'
actionpack (5.2.1) lib/action_dispatch/middleware/static.rb:127:in `call'
rack (2.0.5) lib/rack/sendfile.rb:111:in `call'
railties (5.2.1) lib/rails/engine.rb:524:in `call'
puma (3.12.0) lib/puma/configuration.rb:225:in `call'
puma (3.12.0) lib/puma/server.rb:658:in `handle_request'
puma (3.12.0) lib/puma/server.rb:472:in `process_client'
puma (3.12.0) lib/puma/server.rb:332:in `block in run'
puma (3.12.0) lib/puma/thread_pool.rb:133:in `block in spawn_thread'
Started GET "/graphql" for 127.0.0.1 at 2018-12-03 00:44:46 -0200
  
ActionController::RoutingError (No route matches [GET] "/graphql"):
  
actionpack (5.2.1) lib/action_dispatch/middleware/debug_exceptions.rb:65:in `call'
web-console (3.6.2) lib/web_console/middleware.rb:135:in `call_app'
web-console (3.6.2) lib/web_console/middleware.rb:30:in `block in call'
web-console (3.6.2) lib/web_console/middleware.rb:20:in `catch'
web-console (3.6.2) lib/web_console/middleware.rb:20:in `call'
actionpack (5.2.1) lib/action_dispatch/middleware/show_exceptions.rb:33:in `call'
railties (5.2.1) lib/rails/rack/logger.rb:38:in `call_app'
railties (5.2.1) lib/rails/rack/logger.rb:26:in `block in call'
activesupport (5.2.1) lib/active_support/tagged_logging.rb:71:in `block in tagged'
activesupport (5.2.1) lib/active_support/tagged_logging.rb:28:in `tagged'
activesupport (5.2.1) lib/active_support/tagged_logging.rb:71:in `tagged'
railties (5.2.1) lib/rails/rack/logger.rb:26:in `call'
sprockets-rails (3.2.1) lib/sprockets/rails/quiet_assets.rb:13:in `call'
actionpack (5.2.1) lib/action_dispatch/middleware/remote_ip.rb:81:in `call'
actionpack (5.2.1) lib/action_dispatch/middleware/request_id.rb:27:in `call'
rack (2.0.5) lib/rack/method_override.rb:22:in `call'
rack (2.0.5) lib/rack/runtime.rb:22:in `call'
activesupport (5.2.1) lib/active_support/cache/strategy/local_cache_middleware.rb:29:in `call'
actionpack (5.2.1) lib/action_dispatch/middleware/executor.rb:14:in `call'
actionpack (5.2.1) lib/action_dispatch/middleware/static.rb:127:in `call'
rack (2.0.5) lib/rack/sendfile.rb:111:in `call'
railties (5.2.1) lib/rails/engine.rb:524:in `call'
puma (3.12.0) lib/puma/configuration.rb:225:in `call'
puma (3.12.0) lib/puma/server.rb:658:in `handle_request'
puma (3.12.0) lib/puma/server.rb:472:in `process_client'
puma (3.12.0) lib/puma/server.rb:332:in `block in run'
puma (3.12.0) lib/puma/thread_pool.rb:133:in `block in spawn_thread'
Started GET "/graphql" for 127.0.0.1 at 2018-12-03 00:47:28 -0200
  [1m[35m (1.2ms)[0m  [1m[34mSELECT "schema_migrations"."version" FROM "schema_migrations" ORDER BY "schema_migrations"."version" ASC[0m
  ↳ /home/lincolnsrjr/.rbenv/versions/2.5.1/lib/ruby/gems/2.5.0/gems/activerecord-5.2.1/lib/active_record/log_subscriber.rb:98
  
ActionController::RoutingError (No route matches [GET] "/graphql"):
  
actionpack (5.2.1) lib/action_dispatch/middleware/debug_exceptions.rb:65:in `call'
web-console (3.6.2) lib/web_console/middleware.rb:135:in `call_app'
web-console (3.6.2) lib/web_console/middleware.rb:30:in `block in call'
web-console (3.6.2) lib/web_console/middleware.rb:20:in `catch'
web-console (3.6.2) lib/web_console/middleware.rb:20:in `call'
actionpack (5.2.1) lib/action_dispatch/middleware/show_exceptions.rb:33:in `call'
railties (5.2.1) lib/rails/rack/logger.rb:38:in `call_app'
railties (5.2.1) lib/rails/rack/logger.rb:26:in `block in call'
activesupport (5.2.1) lib/active_support/tagged_logging.rb:71:in `block in tagged'
activesupport (5.2.1) lib/active_support/tagged_logging.rb:28:in `tagged'
activesupport (5.2.1) lib/active_support/tagged_logging.rb:71:in `tagged'
railties (5.2.1) lib/rails/rack/logger.rb:26:in `call'
sprockets-rails (3.2.1) lib/sprockets/rails/quiet_assets.rb:13:in `call'
actionpack (5.2.1) lib/action_dispatch/middleware/remote_ip.rb:81:in `call'
actionpack (5.2.1) lib/action_dispatch/middleware/request_id.rb:27:in `call'
rack (2.0.5) lib/rack/method_override.rb:22:in `call'
rack (2.0.5) lib/rack/runtime.rb:22:in `call'
activesupport (5.2.1) lib/active_support/cache/strategy/local_cache_middleware.rb:29:in `call'
actionpack (5.2.1) lib/action_dispatch/middleware/executor.rb:14:in `call'
actionpack (5.2.1) lib/action_dispatch/middleware/static.rb:127:in `call'
rack (2.0.5) lib/rack/sendfile.rb:111:in `call'
railties (5.2.1) lib/rails/engine.rb:524:in `call'
puma (3.12.0) lib/puma/configuration.rb:225:in `call'
puma (3.12.0) lib/puma/server.rb:658:in `handle_request'
puma (3.12.0) lib/puma/server.rb:472:in `process_client'
puma (3.12.0) lib/puma/server.rb:332:in `block in run'
puma (3.12.0) lib/puma/thread_pool.rb:133:in `block in spawn_thread'
Started GET "/graphiql" for 127.0.0.1 at 2018-12-03 00:47:33 -0200
Processing by GraphiQL::Rails::EditorsController#show as HTML
  Parameters: {"graphql_path"=>"/graphql"}
  Rendering /home/lincolnsrjr/.rbenv/versions/2.5.1/lib/ruby/gems/2.5.0/gems/graphiql-rails-1.4.4/app/views/graphiql/rails/editors/show.html.erb
  Rendered /home/lincolnsrjr/.rbenv/versions/2.5.1/lib/ruby/gems/2.5.0/gems/graphiql-rails-1.4.4/app/views/graphiql/rails/editors/show.html.erb (1267.5ms)
Completed 200 OK in 1274ms (Views: 1272.2ms | ActiveRecord: 0.0ms)


Started POST "/graphql" for 127.0.0.1 at 2018-12-03 00:47:35 -0200
Processing by GraphqlController#execute as */*
  Parameters: {"query"=>"\n  query IntrospectionQuery {\n    __schema {\n      queryType { name }\n      mutationType { name }\n      subscriptionType { name }\n      types {\n        ...FullType\n      }\n      directives {\n        name\n        description\n        locations\n        args {\n          ...InputValue\n        }\n      }\n    }\n  }\n\n  fragment FullType on __Type {\n    kind\n    name\n    description\n    fields(includeDeprecated: true) {\n      name\n      description\n      args {\n        ...InputValue\n      }\n      type {\n        ...TypeRef\n      }\n      isDeprecated\n      deprecationReason\n    }\n    inputFields {\n      ...InputValue\n    }\n    interfaces {\n      ...TypeRef\n    }\n    enumValues(includeDeprecated: true) {\n      name\n      description\n      isDeprecated\n      deprecationReason\n    }\n    possibleTypes {\n      ...TypeRef\n    }\n  }\n\n  fragment InputValue on __InputValue {\n    name\n    description\n    type { ...TypeRef }\n    defaultValue\n  }\n\n  fragment TypeRef on __Type {\n    kind\n    name\n    ofType {\n      kind\n      name\n      ofType {\n        kind\n        name\n        ofType {\n          kind\n          name\n          ofType {\n            kind\n            name\n            ofType {\n              kind\n              name\n              ofType {\n                kind\n                name\n                ofType {\n                  kind\n                  name\n                }\n              }\n            }\n          }\n        }\n      }\n    }\n  }\n", "graphql"=>{"query"=>"\n  query IntrospectionQuery {\n    __schema {\n      queryType { name }\n      mutationType { name }\n      subscriptionType { name }\n      types {\n        ...FullType\n      }\n      directives {\n        name\n        description\n        locations\n        args {\n          ...InputValue\n        }\n      }\n    }\n  }\n\n  fragment FullType on __Type {\n    kind\n    name\n    description\n    fields(includeDeprecated: true) {\n      name\n      description\n      args {\n        ...InputValue\n      }\n      type {\n        ...TypeRef\n      }\n      isDeprecated\n      deprecationReason\n    }\n    inputFields {\n      ...InputValue\n    }\n    interfaces {\n      ...TypeRef\n    }\n    enumValues(includeDeprecated: true) {\n      name\n      description\n      isDeprecated\n      deprecationReason\n    }\n    possibleTypes {\n      ...TypeRef\n    }\n  }\n\n  fragment InputValue on __InputValue {\n    name\n    description\n    type { ...TypeRef }\n    defaultValue\n  }\n\n  fragment TypeRef on __Type {\n    kind\n    name\n    ofType {\n      kind\n      name\n      ofType {\n        kind\n        name\n        ofType {\n          kind\n          name\n          ofType {\n            kind\n            name\n            ofType {\n              kind\n              name\n              ofType {\n                kind\n                name\n                ofType {\n                  kind\n                  name\n                }\n              }\n            }\n          }\n        }\n      }\n    }\n  }\n"}}
Completed 500 Internal Server Error in 17ms (ActiveRecord: 0.0ms)


  
GraphQL::Define::NoDefinitionError (GraphQL::ObjectType can't define 'e'):
  
app/graphql/types/query_type.rb:19:in `block in <main>'
app/graphql/ruby_graphql_api_schema.rb:1:in `<main>'
app/controllers/graphql_controller.rb:10:in `execute'
Started POST "/graphql" for 127.0.0.1 at 2018-12-03 00:50:00 -0200
Processing by GraphqlController#execute as */*
  Parameters: {"query"=>"{\n  allLinks(first: 10) {\n    id\n  }\n}", "variables"=>nil, "operationName"=>nil, "graphql"=>{"query"=>"{\n  allLinks(first: 10) {\n    id\n  }\n}", "variables"=>nil, "operationName"=>nil}}
Completed 500 Internal Server Error in 1ms (ActiveRecord: 0.0ms)


  
GraphQL::Define::NoDefinitionError (GraphQL::ObjectType can't define 'e'):
  
app/graphql/types/query_type.rb:19:in `block in <main>'
app/graphql/ruby_graphql_api_schema.rb:1:in `<main>'
app/controllers/graphql_controller.rb:10:in `execute'
Started POST "/graphql" for 127.0.0.1 at 2018-12-03 00:50:10 -0200
Processing by GraphqlController#execute as */*
  Parameters: {"query"=>"{\n  allLinks {\n    id\n  }\n}", "variables"=>nil, "operationName"=>nil, "graphql"=>{"query"=>"{\n  allLinks {\n    id\n  }\n}", "variables"=>nil, "operationName"=>nil}}
Completed 500 Internal Server Error in 1ms (ActiveRecord: 0.0ms)


  
GraphQL::Define::NoDefinitionError (GraphQL::ObjectType can't define 'e'):
  
app/graphql/types/query_type.rb:19:in `block in <main>'
app/graphql/ruby_graphql_api_schema.rb:1:in `<main>'
app/controllers/graphql_controller.rb:10:in `execute'
Started POST "/graphql" for 127.0.0.1 at 2018-12-03 00:50:22 -0200
Processing by GraphqlController#execute as */*
  Parameters: {"query"=>"{\n  allLinks(first: 10, filter: {description_contains: \"example\"}) {\n    id\n    url\n    description\n    createdAt\n    postedBy {\n      id\n      name\n    }\n  }\n}", "variables"=>nil, "operationName"=>nil, "graphql"=>{"query"=>"{\n  allLinks(first: 10, filter: {description_contains: \"example\"}) {\n    id\n    url\n    description\n    createdAt\n    postedBy {\n      id\n      name\n    }\n  }\n}", "variables"=>nil, "operationName"=>nil}}
Completed 500 Internal Server Error in 1ms (ActiveRecord: 0.0ms)


  
GraphQL::Define::NoDefinitionError (GraphQL::ObjectType can't define 'e'):
  
app/graphql/types/query_type.rb:19:in `block in <main>'
app/graphql/ruby_graphql_api_schema.rb:1:in `<main>'
app/controllers/graphql_controller.rb:10:in `execute'
Started POST "/graphql" for 127.0.0.1 at 2018-12-03 00:51:10 -0200
Processing by GraphqlController#execute as */*
  Parameters: {"query"=>"{\n  allLinks(first: 10, filter: {description_contains: \"example\"}) {\n    id\n    url\n    description\n    createdAt\n  }\n}", "variables"=>nil, "operationName"=>nil, "graphql"=>{"query"=>"{\n  allLinks(first: 10, filter: {description_contains: \"example\"}) {\n    id\n    url\n    description\n    createdAt\n  }\n}", "variables"=>nil, "operationName"=>nil}}
Completed 500 Internal Server Error in 1ms (ActiveRecord: 0.0ms)


  
GraphQL::Define::NoDefinitionError (GraphQL::ObjectType can't define 'e'):
  
app/graphql/types/query_type.rb:19:in `block in <main>'
app/graphql/ruby_graphql_api_schema.rb:1:in `<main>'
app/controllers/graphql_controller.rb:10:in `execute'
Started POST "/graphql" for 127.0.0.1 at 2018-12-03 00:51:54 -0200
Processing by GraphqlController#execute as */*
  Parameters: {"query"=>"{\n  allLinks{\n    id\n  }\n}", "variables"=>nil, "operationName"=>nil, "graphql"=>{"query"=>"{\n  allLinks{\n    id\n  }\n}", "variables"=>nil, "operationName"=>nil}}
Completed 500 Internal Server Error in 1ms (ActiveRecord: 0.0ms)


  
GraphQL::Define::NoDefinitionError (GraphQL::ObjectType can't define 'e'):
  
app/graphql/types/query_type.rb:19:in `block in <main>'
app/graphql/ruby_graphql_api_schema.rb:1:in `<main>'
app/controllers/graphql_controller.rb:10:in `execute'
Started POST "/graphql" for 127.0.0.1 at 2018-12-03 00:53:15 -0200
Processing by GraphqlController#execute as */*
  Parameters: {"query"=>"{\n  testField{\n    description\n  }\n}", "variables"=>nil, "operationName"=>nil, "graphql"=>{"query"=>"{\n  testField{\n    description\n  }\n}", "variables"=>nil, "operationName"=>nil}}
Completed 500 Internal Server Error in 1ms (ActiveRecord: 0.0ms)


  
GraphQL::Define::NoDefinitionError (GraphQL::ObjectType can't define 'e'):
  
app/graphql/types/query_type.rb:19:in `block in <main>'
app/graphql/ruby_graphql_api_schema.rb:1:in `<main>'
app/controllers/graphql_controller.rb:10:in `execute'
Started POST "/graphql" for 127.0.0.1 at 2018-12-03 00:53:24 -0200
Processing by GraphqlController#execute as */*
  Parameters: {"query"=>"{\n  testField{\n    description\n  }\n}", "variables"=>nil, "operationName"=>nil, "graphql"=>{"query"=>"{\n  testField{\n    description\n  }\n}", "variables"=>nil, "operationName"=>nil}}
Completed 200 OK in 15ms (Views: 0.3ms | ActiveRecord: 0.0ms)


Started POST "/graphql" for 127.0.0.1 at 2018-12-03 00:53:33 -0200
Processing by GraphqlController#execute as */*
  Parameters: {"query"=>"{\n  allLinks{\n    description\n  }\n}", "variables"=>nil, "operationName"=>nil, "graphql"=>{"query"=>"{\n  allLinks{\n    description\n  }\n}", "variables"=>nil, "operationName"=>nil}}
  [1m[36mLink Load (0.6ms)[0m  [1m[34mSELECT "links".* FROM "links"[0m
  ↳ app/controllers/graphql_controller.rb:10
Completed 200 OK in 22ms (Views: 0.4ms | ActiveRecord: 6.8ms)


Started POST "/graphql" for 127.0.0.1 at 2018-12-03 00:53:44 -0200
Processing by GraphqlController#execute as */*
  Parameters: {"query"=>"{\n  allLinks{\n    description\n  }\n}", "variables"=>nil, "operationName"=>nil, "graphql"=>{"query"=>"{\n  allLinks{\n    description\n  }\n}", "variables"=>nil, "operationName"=>nil}}
  [1m[36mLink Load (0.5ms)[0m  [1m[34mSELECT "links".* FROM "links"[0m
  ↳ app/controllers/graphql_controller.rb:10
Completed 200 OK in 5ms (Views: 0.3ms | ActiveRecord: 0.5ms)


Started POST "/graphql" for 127.0.0.1 at 2018-12-03 00:56:23 -0200
  [1m[35m (1.2ms)[0m  [1m[34mSELECT "schema_migrations"."version" FROM "schema_migrations" ORDER BY "schema_migrations"."version" ASC[0m
  ↳ /home/lincolnsrjr/.rbenv/versions/2.5.1/lib/ruby/gems/2.5.0/gems/activerecord-5.2.1/lib/active_record/log_subscriber.rb:98
Processing by GraphqlController#execute as */*
  Parameters: {"query"=>"{\n  allLinks{\n    description\n  }\n}", "variables"=>nil, "operationName"=>nil, "graphql"=>{"query"=>"{\n  allLinks{\n    description\n  }\n}", "variables"=>nil, "operationName"=>nil}}
  [1m[36mLink Load (0.7ms)[0m  [1m[34mSELECT "links".* FROM "links"[0m
  ↳ app/controllers/graphql_controller.rb:10
Completed 200 OK in 66ms (Views: 0.5ms | ActiveRecord: 8.4ms)


Started POST "/graphql" for 127.0.0.1 at 2018-12-03 00:56:27 -0200
Processing by GraphqlController#execute as */*
  Parameters: {"query"=>"{\n  allLinks{\n    description\n    id\n  }\n}", "variables"=>nil, "operationName"=>nil, "graphql"=>{"query"=>"{\n  allLinks{\n    description\n    id\n  }\n}", "variables"=>nil, "operationName"=>nil}}
  [1m[36mLink Load (0.8ms)[0m  [1m[34mSELECT "links".* FROM "links"[0m
  ↳ app/controllers/graphql_controller.rb:10
Completed 200 OK in 5ms (Views: 0.2ms | ActiveRecord: 0.8ms)


Started POST "/graphql" for 127.0.0.1 at 2018-12-03 00:56:30 -0200
Processing by GraphqlController#execute as */*
  Parameters: {"query"=>"{\n  allLinks{\n    description\n    id\n    url\n  }\n}", "variables"=>nil, "operationName"=>nil, "graphql"=>{"query"=>"{\n  allLinks{\n    description\n    id\n    url\n  }\n}", "variables"=>nil, "operationName"=>nil}}
  [1m[36mLink Load (0.5ms)[0m  [1m[34mSELECT "links".* FROM "links"[0m
  ↳ app/controllers/graphql_controller.rb:10
Completed 200 OK in 5ms (Views: 0.5ms | ActiveRecord: 0.5ms)


Started POST "/graphql" for 127.0.0.1 at 2018-12-03 00:56:53 -0200
Processing by GraphqlController#execute as */*
  Parameters: {"query"=>"{\n  allLinks{\n    description\n    id\n    url\n    created_at\n  }\n}", "variables"=>nil, "operationName"=>nil, "graphql"=>{"query"=>"{\n  allLinks{\n    description\n    id\n    url\n    created_at\n  }\n}", "variables"=>nil, "operationName"=>nil}}
Completed 200 OK in 3ms (Views: 0.5ms | ActiveRecord: 0.0ms)


Started POST "/graphql" for 127.0.0.1 at 2018-12-03 00:57:08 -0200
Processing by GraphqlController#execute as */*
  Parameters: {"query"=>"{\n  allLinks{\n    description\n    id\n    url\n  }\n}", "variables"=>nil, "operationName"=>nil, "graphql"=>{"query"=>"{\n  allLinks{\n    description\n    id\n    url\n  }\n}", "variables"=>nil, "operationName"=>nil}}
  [1m[36mLink Load (0.6ms)[0m  [1m[34mSELECT "links".* FROM "links"[0m
  ↳ app/controllers/graphql_controller.rb:10
Completed 200 OK in 6ms (Views: 0.5ms | ActiveRecord: 0.6ms)


Started POST "/graphql" for 127.0.0.1 at 2018-12-03 00:57:21 -0200
Processing by GraphqlController#execute as */*
  Parameters: {"query"=>"{\n  allLinks{\n    description\n    id\n    url\n  }\n}", "variables"=>nil, "operationName"=>nil, "graphql"=>{"query"=>"{\n  allLinks{\n    description\n    id\n    url\n  }\n}", "variables"=>nil, "operationName"=>nil}}
  [1m[36mLink Load (2.9ms)[0m  [1m[34mSELECT "links".* FROM "links"[0m
  ↳ app/controllers/graphql_controller.rb:10
Completed 200 OK in 39ms (Views: 0.4ms | ActiveRecord: 12.4ms)


